# JRE version: OpenJDK Runtime Environment (8.0_312-b07) (build 1.8.0_312-b07)
# Java VM: OpenJDK 64-Bit Server VM (25.312-b07 mixed mode windows-amd64 compressed oops)
Heap:
 PSYoungGen      total 281600K, used 49356K [0x000000076ab00000, 0x000000077fb00000, 0x00000007c0000000)
  eden space 236032K, 20% used [0x000000076ab00000,0x000000076db330c8,0x0000000779180000)
  from space 45568K, 0% used [0x0000000779180000,0x0000000779180000,0x000000077be00000)
  to   space 36864K, 0% used [0x000000077be00000,0x000000077be00000,0x000000077e200000)
 ParOldGen       total 131584K, used 131531K [0x00000006c0000000, 0x00000006c8080000, 0x000000076ab00000)
  object space 131584K, 99% used [0x00000006c0000000,0x00000006c8072cb0,0x00000006c8080000)
 Metaspace       used 96286K, capacity 100622K, committed 100736K, reserved 1136640K
  class space    used 12925K, capacity 13843K, committed 13952K, reserved 1048576K
GC Heap History (10 events):
Event: 101.409 GC heap before
{Heap before GC invocations=25 (full 3):
 PSYoungGen      total 238592K, used 235678K [0x000000076ab00000, 0x000000077e200000, 0x00000007c0000000)
  eden space 205824K, 100% used [0x000000076ab00000,0x0000000777400000,0x0000000777400000)
  from space 32768K, 91% used [0x0000000777400000,0x0000000779127af8,0x0000000779400000)
  to   space 36864K, 0% used [0x000000077be00000,0x000000077be00000,0x000000077e200000)
 ParOldGen       total 131072K, used 74560K [0x00000006c0000000, 0x00000006c8000000, 0x000000076ab00000)
  object space 131072K, 56% used [0x00000006c0000000,0x00000006c48d0338,0x00000006c8000000)
 Metaspace       used 80673K, capacity 84012K, committed 84224K, reserved 1122304K
  class space    used 10952K, capacity 11654K, committed 11776K, reserved 1048576K
Event: 101.637 GC heap after
Heap after GC invocations=25 (full 3):
 PSYoungGen      total 272896K, used 36842K [0x000000076ab00000, 0x000000077fb00000, 0x00000007c0000000)
  eden space 236032K, 0% used [0x000000076ab00000,0x000000076ab00000,0x0000000779180000)
  from space 36864K, 99% used [0x000000077be00000,0x000000077e1fabf0,0x000000077e200000)
  to   space 45568K, 0% used [0x0000000779180000,0x0000000779180000,0x000000077be00000)
 ParOldGen       total 131072K, used 82105K [0x00000006c0000000, 0x00000006c8000000, 0x000000076ab00000)
  object space 131072K, 62% used [0x00000006c0000000,0x00000006c502e468,0x00000006c8000000)
 Metaspace       used 80673K, capacity 84012K, committed 84224K, reserved 1122304K
  class space    used 10952K, capacity 11654K, committed 11776K, reserved 1048576K
}
Event: 109.510 GC heap before
{Heap before GC invocations=26 (full 3):
 PSYoungGen      total 272896K, used 272874K [0x000000076ab00000, 0x000000077fb00000, 0x00000007c0000000)
  eden space 236032K, 100% used [0x000000076ab00000,0x0000000779180000,0x0000000779180000)
  from space 36864K, 99% used [0x000000077be00000,0x000000077e1fabf0,0x000000077e200000)
  to   space 45568K, 0% used [0x0000000779180000,0x0000000779180000,0x000000077be00000)
 ParOldGen       total 131072K, used 82105K [0x00000006c0000000, 0x00000006c8000000, 0x000000076ab00000)
  object space 131072K, 62% used [0x00000006c0000000,0x00000006c502e468,0x00000006c8000000)
 Metaspace       used 90196K, capacity 94044K, committed 94208K, reserved 1130496K
  class space    used 12181K, capacity 13004K, committed 13056K, reserved 1048576K
Event: 110.637 GC heap after
Heap after GC invocations=26 (full 3):
 PSYoungGen      total 281600K, used 40126K [0x000000076ab00000, 0x000000077fb00000, 0x00000007c0000000)
  eden space 236032K, 0% used [0x000000076ab00000,0x000000076ab00000,0x0000000779180000)
  from space 45568K, 88% used [0x0000000779180000,0x000000077b8af880,0x000000077be00000)
  to   space 36864K, 0% used [0x000000077be00000,0x000000077be00000,0x000000077e200000)
 ParOldGen       total 131072K, used 106150K [0x00000006c0000000, 0x00000006c8000000, 0x000000076ab00000)
  object space 131072K, 80% used [0x00000006c0000000,0x00000006c67a9980,0x00000006c8000000)
 Metaspace       used 90196K, capacity 94044K, committed 94208K, reserved 1130496K
  class space    used 12181K, capacity 13004K, committed 13056K, reserved 1048576K
}
Event: 111.269 GC heap before
{Heap before GC invocations=27 (full 3):
 PSYoungGen      total 281600K, used 59138K [0x000000076ab00000, 0x000000077fb00000, 0x00000007c0000000)
  eden space 236032K, 8% used [0x000000076ab00000,0x000000076bd90f98,0x0000000779180000)
  from space 45568K, 88% used [0x0000000779180000,0x000000077b8af880,0x000000077be00000)
  to   space 36864K, 0% used [0x000000077be00000,0x000000077be00000,0x000000077e200000)
 ParOldGen       total 131072K, used 106150K [0x00000006c0000000, 0x00000006c8000000, 0x000000076ab00000)
  object space 131072K, 80% used [0x00000006c0000000,0x00000006c67a9980,0x00000006c8000000)
 Metaspace       used 90961K, capacity 94840K, committed 94976K, reserved 1134592K
  class space    used 12332K, capacity 13192K, committed 13312K, reserved 1048576K
Event: 111.618 GC heap after
Heap after GC invocations=27 (full 3):
 PSYoungGen      total 281600K, used 59138K [0x000000076ab00000, 0x000000077fb00000, 0x00000007c0000000)
  eden space 236032K, 8% used [0x000000076ab00000,0x000000076bd90f98,0x0000000779180000)
  from space 45568K, 88% used [0x0000000779180000,0x000000077b8af880,0x000000077be00000)
  to   space 36864K, 11% used [0x000000077be00000,0x000000077c21c408,0x000000077e200000)
 ParOldGen       total 131584K, used 131581K [0x00000006c0000000, 0x00000006c8080000, 0x000000076ab00000)
  object space 131584K, 99% used [0x00000006c0000000,0x00000006c807f4a8,0x00000006c8080000)
 Metaspace       used 90961K, capacity 94840K, committed 94976K, reserved 1134592K
  class space    used 12332K, capacity 13192K, committed 13312K, reserved 1048576K
}
Event: 111.618 GC heap before
{Heap before GC invocations=28 (full 4):
 PSYoungGen      total 281600K, used 59138K [0x000000076ab00000, 0x000000077fb00000, 0x00000007c0000000)
  eden space 236032K, 8% used [0x000000076ab00000,0x000000076bd90f98,0x0000000779180000)
  from space 45568K, 88% used [0x0000000779180000,0x000000077b8af880,0x000000077be00000)
  to   space 36864K, 11% used [0x000000077be00000,0x000000077c21c408,0x000000077e200000)
 ParOldGen       total 131584K, used 131581K [0x00000006c0000000, 0x00000006c8080000, 0x000000076ab00000)
  object space 131584K, 99% used [0x00000006c0000000,0x00000006c807f4a8,0x00000006c8080000)
 Metaspace       used 90961K, capacity 94840K, committed 94976K, reserved 1134592K
  class space    used 12332K, capacity 13192K, committed 13312K, reserved 1048576K
Event: 115.628 GC heap after
Heap after GC invocations=28 (full 4):
 PSYoungGen      total 281600K, used 0K [0x000000076ab00000, 0x000000077fb00000, 0x00000007c0000000)
  eden space 236032K, 0% used [0x000000076ab00000,0x000000076ab00000,0x0000000779180000)
  from space 45568K, 0% used [0x0000000779180000,0x0000000779180000,0x000000077be00000)
  to   space 36864K, 0% used [0x000000077be00000,0x000000077be00000,0x000000077e200000)
 ParOldGen       total 131584K, used 126933K [0x00000006c0000000, 0x00000006c8080000, 0x000000076ab00000)
  object space 131584K, 96% used [0x00000006c0000000,0x00000006c7bf5688,0x00000006c8080000)
 Metaspace       used 90772K, capacity 94364K, committed 94976K, reserved 1132544K
  class space    used 12265K, capacity 13076K, committed 13312K, reserved 1048576K
}
Event: 125.229 GC heap before
{Heap before GC invocations=29 (full 5):
 PSYoungGen      total 281600K, used 236032K [0x000000076ab00000, 0x000000077fb00000, 0x00000007c0000000)
  eden space 236032K, 100% used [0x000000076ab00000,0x0000000779180000,0x0000000779180000)
  from space 45568K, 0% used [0x0000000779180000,0x0000000779180000,0x000000077be00000)
  to   space 36864K, 0% used [0x000000077be00000,0x000000077be00000,0x000000077e200000)
 ParOldGen       total 131584K, used 126933K [0x00000006c0000000, 0x00000006c8080000, 0x000000076ab00000)
  object space 131584K, 96% used [0x00000006c0000000,0x00000006c7bf5688,0x00000006c8080000)
 Metaspace       used 96240K, capacity 100490K, committed 100736K, reserved 1136640K
  class space    used 12925K, capacity 13843K, committed 13952K, reserved 1048576K
Event: 127.621 GC heap after
Heap after GC invocations=29 (full 5):
 PSYoungGen      total 281600K, used 9825K [0x000000076ab00000, 0x000000077fb00000, 0x00000007c0000000)
  eden space 236032K, 4% used [0x000000076ab00000,0x000000076b498698,0x0000000779180000)
  from space 45568K, 0% used [0x0000000779180000,0x0000000779180000,0x000000077be00000)
  to   space 36864K, 0% used [0x000000077be00000,0x000000077be00000,0x000000077e200000)
 ParOldGen       total 131584K, used 131531K [0x00000006c0000000, 0x00000006c8080000, 0x000000076ab00000)
  object space 131584K, 99% used [0x00000006c0000000,0x00000006c8072cb0,0x00000006c8080000)
 Metaspace       used 96235K, capacity 100476K, committed 100736K, reserved 1136640K
  class space    used 12923K, capacity 13840K, committed 13952K, reserved 1048576K
}

