# JRE version: OpenJDK Runtime Environment (8.0_312-b07) (build 1.8.0_312-b07)
# Java VM: OpenJDK 64-Bit Server VM (25.312-b07 mixed mode windows-amd64 compressed oops)
Heap:
 PSYoungGen      total 386560K, used 205767K [0x000000076ab00000, 0x0000000788200000, 0x00000007c0000000)
  eden space 335872K, 47% used [0x000000076ab00000,0x00000007747aff00,0x000000077f300000)
  from space 50688K, 89% used [0x000000077f300000,0x0000000781f420a0,0x0000000782480000)
  to   space 57344K, 0% used [0x0000000784a00000,0x0000000784a00000,0x0000000788200000)
 ParOldGen       total 212480K, used 156751K [0x00000006c0000000, 0x00000006ccf80000, 0x000000076ab00000)
  object space 212480K, 73% used [0x00000006c0000000,0x00000006c9913e78,0x00000006ccf80000)
 Metaspace       used 100428K, capacity 104808K, committed 105216K, reserved 1140736K
  class space    used 13289K, capacity 14208K, committed 14336K, reserved 1048576K
GC Heap History (10 events):
Event: 277.867 GC heap before
{Heap before GC invocations=44 (full 5):
 PSYoungGen      total 339968K, used 295424K [0x000000076ab00000, 0x0000000782780000, 0x00000007c0000000)
  eden space 295424K, 100% used [0x000000076ab00000,0x000000077cb80000,0x000000077cb80000)
  from space 44544K, 0% used [0x000000077fc00000,0x000000077fc00000,0x0000000782780000)
  to   space 47104K, 0% used [0x000000077cb80000,0x000000077cb80000,0x000000077f980000)
 ParOldGen       total 212480K, used 156735K [0x00000006c0000000, 0x00000006ccf80000, 0x000000076ab00000)
  object space 212480K, 73% used [0x00000006c0000000,0x00000006c990fe78,0x00000006ccf80000)
 Metaspace       used 99737K, capacity 104108K, committed 104704K, reserved 1140736K
  class space    used 13260K, capacity 14172K, committed 14336K, reserved 1048576K
Event: 278.169 GC heap after
Heap after GC invocations=44 (full 5):
 PSYoungGen      total 342528K, used 6734K [0x000000076ab00000, 0x0000000783280000, 0x00000007c0000000)
  eden space 295424K, 0% used [0x000000076ab00000,0x000000076ab00000,0x000000077cb80000)
  from space 47104K, 14% used [0x000000077cb80000,0x000000077d2138b0,0x000000077f980000)
  to   space 41472K, 0% used [0x0000000780a00000,0x0000000780a00000,0x0000000783280000)
 ParOldGen       total 212480K, used 156735K [0x00000006c0000000, 0x00000006ccf80000, 0x000000076ab00000)
  object space 212480K, 73% used [0x00000006c0000000,0x00000006c990fe78,0x00000006ccf80000)
 Metaspace       used 99737K, capacity 104108K, committed 104704K, reserved 1140736K
  class space    used 13260K, capacity 14172K, committed 14336K, reserved 1048576K
}
Event: 279.707 GC heap before
{Heap before GC invocations=45 (full 5):
 PSYoungGen      total 342528K, used 302158K [0x000000076ab00000, 0x0000000783280000, 0x00000007c0000000)
  eden space 295424K, 100% used [0x000000076ab00000,0x000000077cb80000,0x000000077cb80000)
  from space 47104K, 14% used [0x000000077cb80000,0x000000077d2138b0,0x000000077f980000)
  to   space 41472K, 0% used [0x0000000780a00000,0x0000000780a00000,0x0000000783280000)
 ParOldGen       total 212480K, used 156735K [0x00000006c0000000, 0x00000006ccf80000, 0x000000076ab00000)
  object space 212480K, 73% used [0x00000006c0000000,0x00000006c990fe78,0x00000006ccf80000)
 Metaspace       used 99748K, capacity 104176K, committed 104704K, reserved 1140736K
  class space    used 13261K, capacity 14174K, committed 14336K, reserved 1048576K
Event: 279.778 GC heap after
Heap after GC invocations=45 (full 5):
 PSYoungGen      total 358400K, used 16658K [0x000000076ab00000, 0x0000000783000000, 0x00000007c0000000)
  eden space 319488K, 0% used [0x000000076ab00000,0x000000076ab00000,0x000000077e300000)
  from space 38912K, 42% used [0x0000000780a00000,0x0000000781a44a70,0x0000000783000000)
  to   space 39424K, 0% used [0x000000077e300000,0x000000077e300000,0x0000000780980000)
 ParOldGen       total 212480K, used 156735K [0x00000006c0000000, 0x00000006ccf80000, 0x000000076ab00000)
  object space 212480K, 73% used [0x00000006c0000000,0x00000006c990fe78,0x00000006ccf80000)
 Metaspace       used 99748K, capacity 104176K, committed 104704K, reserved 1140736K
  class space    used 13261K, capacity 14174K, committed 14336K, reserved 1048576K
}
Event: 281.499 GC heap before
{Heap before GC invocations=46 (full 5):
 PSYoungGen      total 358400K, used 336146K [0x000000076ab00000, 0x0000000783000000, 0x00000007c0000000)
  eden space 319488K, 100% used [0x000000076ab00000,0x000000077e300000,0x000000077e300000)
  from space 38912K, 42% used [0x0000000780a00000,0x0000000781a44a70,0x0000000783000000)
  to   space 39424K, 0% used [0x000000077e300000,0x000000077e300000,0x0000000780980000)
 ParOldGen       total 212480K, used 156735K [0x00000006c0000000, 0x00000006ccf80000, 0x000000076ab00000)
  object space 212480K, 73% used [0x00000006c0000000,0x00000006c990fe78,0x00000006ccf80000)
 Metaspace       used 99801K, capacity 104182K, committed 104704K, reserved 1140736K
  class space    used 13263K, capacity 14175K, committed 14336K, reserved 1048576K
Event: 281.573 GC heap after
Heap after GC invocations=46 (full 5):
 PSYoungGen      total 358912K, used 32771K [0x000000076ab00000, 0x0000000784f00000, 0x00000007c0000000)
  eden space 319488K, 0% used [0x000000076ab00000,0x000000076ab00000,0x000000077e300000)
  from space 39424K, 83% used [0x000000077e300000,0x0000000780300fd8,0x0000000780980000)
  to   space 43520K, 0% used [0x0000000782480000,0x0000000782480000,0x0000000784f00000)
 ParOldGen       total 212480K, used 156735K [0x00000006c0000000, 0x00000006ccf80000, 0x000000076ab00000)
  object space 212480K, 73% used [0x00000006c0000000,0x00000006c990fe78,0x00000006ccf80000)
 Metaspace       used 99801K, capacity 104182K, committed 104704K, reserved 1140736K
  class space    used 13263K, capacity 14175K, committed 14336K, reserved 1048576K
}
Event: 282.855 GC heap before
{Heap before GC invocations=47 (full 5):
 PSYoungGen      total 358912K, used 352259K [0x000000076ab00000, 0x0000000784f00000, 0x00000007c0000000)
  eden space 319488K, 100% used [0x000000076ab00000,0x000000077e300000,0x000000077e300000)
  from space 39424K, 83% used [0x000000077e300000,0x0000000780300fd8,0x0000000780980000)
  to   space 43520K, 0% used [0x0000000782480000,0x0000000782480000,0x0000000784f00000)
 ParOldGen       total 212480K, used 156735K [0x00000006c0000000, 0x00000006ccf80000, 0x000000076ab00000)
  object space 212480K, 73% used [0x00000006c0000000,0x00000006c990fe78,0x00000006ccf80000)
 Metaspace       used 99911K, capacity 104358K, committed 104960K, reserved 1140736K
  class space    used 13269K, capacity 14207K, committed 14336K, reserved 1048576K
Event: 282.972 GC heap after
Heap after GC invocations=47 (full 5):
 PSYoungGen      total 379392K, used 42784K [0x000000076ab00000, 0x0000000786200000, 0x00000007c0000000)
  eden space 335872K, 0% used [0x000000076ab00000,0x000000076ab00000,0x000000077f300000)
  from space 43520K, 98% used [0x0000000782480000,0x0000000784e48170,0x0000000784f00000)
  to   space 50688K, 0% used [0x000000077f300000,0x000000077f300000,0x0000000782480000)
 ParOldGen       total 212480K, used 156743K [0x00000006c0000000, 0x00000006ccf80000, 0x000000076ab00000)
  object space 212480K, 73% used [0x00000006c0000000,0x00000006c9911e78,0x00000006ccf80000)
 Metaspace       used 99911K, capacity 104358K, committed 104960K, reserved 1140736K
  class space    used 13269K, capacity 14207K, committed 14336K, reserved 1048576K
}
Event: 284.528 GC heap before
{Heap before GC invocations=48 (full 5):
 PSYoungGen      total 379392K, used 378656K [0x000000076ab00000, 0x0000000786200000, 0x00000007c0000000)
  eden space 335872K, 100% used [0x000000076ab00000,0x000000077f300000,0x000000077f300000)
  from space 43520K, 98% used [0x0000000782480000,0x0000000784e48170,0x0000000784f00000)
  to   space 50688K, 0% used [0x000000077f300000,0x000000077f300000,0x0000000782480000)
 ParOldGen       total 212480K, used 156743K [0x00000006c0000000, 0x00000006ccf80000, 0x000000076ab00000)
  object space 212480K, 73% used [0x00000006c0000000,0x00000006c9911e78,0x00000006ccf80000)
 Metaspace       used 100037K, capacity 104424K, committed 104960K, reserved 1140736K
  class space    used 13278K, capacity 14208K, committed 14336K, reserved 1048576K
Event: 284.637 GC heap after
Heap after GC invocations=48 (full 5):
 PSYoungGen      total 386560K, used 45320K [0x000000076ab00000, 0x0000000788200000, 0x00000007c0000000)
  eden space 335872K, 0% used [0x000000076ab00000,0x000000076ab00000,0x000000077f300000)
  from space 50688K, 89% used [0x000000077f300000,0x0000000781f420a0,0x0000000782480000)
  to   space 57344K, 0% used [0x0000000784a00000,0x0000000784a00000,0x0000000788200000)
 ParOldGen       total 212480K, used 156751K [0x00000006c0000000, 0x00000006ccf80000, 0x000000076ab00000)
  object space 212480K, 73% used [0x00000006c0000000,0x00000006c9913e78,0x00000006ccf80000)
 Metaspace       used 100037K, capacity 104424K, committed 104960K, reserved 1140736K
  class space    used 13278K, capacity 14208K, committed 14336K, reserved 1048576K
}

