# JRE version: OpenJDK Runtime Environment (8.0_312-b07) (build 1.8.0_312-b07)
# Java VM: OpenJDK 64-Bit Server VM (25.312-b07 mixed mode windows-amd64 compressed oops)
Heap:
 PSYoungGen      total 215040K, used 86906K [0x00000000d5c00000, 0x00000000e7380000, 0x0000000100000000)
  eden space 183808K, 39% used [0x00000000d5c00000,0x00000000da377458,0x00000000e0f80000)
  from space 31232K, 43% used [0x00000000e5500000,0x00000000e6267650,0x00000000e7380000)
  to   space 51200K, 0% used [0x00000000e0f80000,0x00000000e0f80000,0x00000000e4180000)
 ParOldGen       total 112640K, used 112236K [0x0000000081400000, 0x0000000088200000, 0x00000000d5c00000)
  object space 112640K, 99% used [0x0000000081400000,0x000000008819b278,0x0000000088200000)
 Metaspace       used 69853K, capacity 71220K, committed 71552K, reserved 1112064K
  class space    used 8160K, capacity 8494K, committed 8576K, reserved 1048576K
GC Heap History (10 events):
Event: 31.981 GC heap before
{Heap before GC invocations=12 (full 3):
 PSYoungGen      total 188928K, used 39416K [0x00000000d5c00000, 0x00000000e8900000, 0x0000000100000000)
  eden space 149504K, 0% used [0x00000000d5c00000,0x00000000d5c00000,0x00000000dee00000)
  from space 39424K, 99% used [0x00000000dee00000,0x00000000e147e100,0x00000000e1480000)
  to   space 53248K, 0% used [0x00000000e5500000,0x00000000e5500000,0x00000000e8900000)
 ParOldGen       total 112640K, used 67086K [0x0000000081400000, 0x0000000088200000, 0x00000000d5c00000)
  object space 112640K, 59% used [0x0000000081400000,0x0000000085583af0,0x0000000088200000)
 Metaspace       used 57790K, capacity 58924K, committed 59028K, reserved 1101824K
  class space    used 7134K, capacity 7414K, committed 7424K, reserved 1048576K
Event: 33.004 GC heap after
Heap after GC invocations=12 (full 3):
 PSYoungGen      total 188928K, used 0K [0x00000000d5c00000, 0x00000000e8900000, 0x0000000100000000)
  eden space 149504K, 0% used [0x00000000d5c00000,0x00000000d5c00000,0x00000000dee00000)
  from space 39424K, 0% used [0x00000000dee00000,0x00000000dee00000,0x00000000e1480000)
  to   space 53248K, 0% used [0x00000000e5500000,0x00000000e5500000,0x00000000e8900000)
 ParOldGen       total 112640K, used 82619K [0x0000000081400000, 0x0000000088200000, 0x00000000d5c00000)
  object space 112640K, 73% used [0x0000000081400000,0x00000000864aec20,0x0000000088200000)
 Metaspace       used 57790K, capacity 58924K, committed 59028K, reserved 1101824K
  class space    used 7134K, capacity 7414K, committed 7424K, reserved 1048576K
}
Event: 39.473 GC heap before
{Heap before GC invocations=13 (full 3):
 PSYoungGen      total 188928K, used 149504K [0x00000000d5c00000, 0x00000000e8900000, 0x0000000100000000)
  eden space 149504K, 100% used [0x00000000d5c00000,0x00000000dee00000,0x00000000dee00000)
  from space 39424K, 0% used [0x00000000dee00000,0x00000000dee00000,0x00000000e1480000)
  to   space 53248K, 0% used [0x00000000e5500000,0x00000000e5500000,0x00000000e8900000)
 ParOldGen       total 112640K, used 82619K [0x0000000081400000, 0x0000000088200000, 0x00000000d5c00000)
  object space 112640K, 73% used [0x0000000081400000,0x00000000864aec20,0x0000000088200000)
 Metaspace       used 59963K, capacity 61194K, committed 61440K, reserved 1103872K
  class space    used 7267K, capacity 7557K, committed 7680K, reserved 1048576K
Event: 39.537 GC heap after
Heap after GC invocations=13 (full 3):
 PSYoungGen      total 215040K, used 24877K [0x00000000d5c00000, 0x00000000e7380000, 0x0000000100000000)
  eden space 183808K, 0% used [0x00000000d5c00000,0x00000000d5c00000,0x00000000e0f80000)
  from space 31232K, 79% used [0x00000000e5500000,0x00000000e6d4b790,0x00000000e7380000)
  to   space 51200K, 0% used [0x00000000e0f80000,0x00000000e0f80000,0x00000000e4180000)
 ParOldGen       total 112640K, used 82627K [0x0000000081400000, 0x0000000088200000, 0x00000000d5c00000)
  object space 112640K, 73% used [0x0000000081400000,0x00000000864b0c20,0x0000000088200000)
 Metaspace       used 59963K, capacity 61194K, committed 61440K, reserved 1103872K
  class space    used 7267K, capacity 7557K, committed 7680K, reserved 1048576K
}
Event: 47.124 GC heap before
{Heap before GC invocations=14 (full 3):
 PSYoungGen      total 215040K, used 208685K [0x00000000d5c00000, 0x00000000e7380000, 0x0000000100000000)
  eden space 183808K, 100% used [0x00000000d5c00000,0x00000000e0f80000,0x00000000e0f80000)
  from space 31232K, 79% used [0x00000000e5500000,0x00000000e6d4b790,0x00000000e7380000)
  to   space 51200K, 0% used [0x00000000e0f80000,0x00000000e0f80000,0x00000000e4180000)
 ParOldGen       total 112640K, used 82627K [0x0000000081400000, 0x0000000088200000, 0x00000000d5c00000)
  object space 112640K, 73% used [0x0000000081400000,0x00000000864b0c20,0x0000000088200000)
 Metaspace       used 64805K, capacity 66142K, committed 66432K, reserved 1107968K
  class space    used 7630K, capacity 7979K, committed 8064K, reserved 1048576K
Event: 47.335 GC heap after
Heap after GC invocations=14 (full 3):
 PSYoungGen      total 235008K, used 45067K [0x00000000d5c00000, 0x00000000e7380000, 0x0000000100000000)
  eden space 183808K, 0% used [0x00000000d5c00000,0x00000000d5c00000,0x00000000e0f80000)
  from space 51200K, 88% used [0x00000000e0f80000,0x00000000e3b82d50,0x00000000e4180000)
  to   space 31232K, 0% used [0x00000000e5500000,0x00000000e5500000,0x00000000e7380000)
 ParOldGen       total 112640K, used 82627K [0x0000000081400000, 0x0000000088200000, 0x00000000d5c00000)
  object space 112640K, 73% used [0x0000000081400000,0x00000000864b0c20,0x0000000088200000)
 Metaspace       used 64805K, capacity 66142K, committed 66432K, reserved 1107968K
  class space    used 7630K, capacity 7979K, committed 8064K, reserved 1048576K
}
Event: 53.732 GC heap before
{Heap before GC invocations=15 (full 3):
 PSYoungGen      total 235008K, used 228875K [0x00000000d5c00000, 0x00000000e7380000, 0x0000000100000000)
  eden space 183808K, 100% used [0x00000000d5c00000,0x00000000e0f80000,0x00000000e0f80000)
  from space 51200K, 88% used [0x00000000e0f80000,0x00000000e3b82d50,0x00000000e4180000)
  to   space 31232K, 0% used [0x00000000e5500000,0x00000000e5500000,0x00000000e7380000)
 ParOldGen       total 112640K, used 82627K [0x0000000081400000, 0x0000000088200000, 0x00000000d5c00000)
  object space 112640K, 73% used [0x0000000081400000,0x00000000864b0c20,0x0000000088200000)
 Metaspace       used 69620K, capacity 70964K, committed 71296K, reserved 1112064K
  class space    used 8155K, capacity 8494K, committed 8576K, reserved 1048576K
Event: 53.910 GC heap after
Heap after GC invocations=15 (full 3):
 PSYoungGen      total 215040K, used 31209K [0x00000000d5c00000, 0x00000000e7380000, 0x0000000100000000)
  eden space 183808K, 0% used [0x00000000d5c00000,0x00000000d5c00000,0x00000000e0f80000)
  from space 31232K, 99% used [0x00000000e5500000,0x00000000e737a420,0x00000000e7380000)
  to   space 51200K, 0% used [0x00000000e0f80000,0x00000000e0f80000,0x00000000e4180000)
 ParOldGen       total 112640K, used 101472K [0x0000000081400000, 0x0000000088200000, 0x00000000d5c00000)
  object space 112640K, 90% used [0x0000000081400000,0x0000000087718140,0x0000000088200000)
 Metaspace       used 69620K, capacity 70964K, committed 71296K, reserved 1112064K
  class space    used 8155K, capacity 8494K, committed 8576K, reserved 1048576K
}
Event: 53.916 GC heap before
{Heap before GC invocations=16 (full 4):
 PSYoungGen      total 215040K, used 31209K [0x00000000d5c00000, 0x00000000e7380000, 0x0000000100000000)
  eden space 183808K, 0% used [0x00000000d5c00000,0x00000000d5c00000,0x00000000e0f80000)
  from space 31232K, 99% used [0x00000000e5500000,0x00000000e737a420,0x00000000e7380000)
  to   space 51200K, 0% used [0x00000000e0f80000,0x00000000e0f80000,0x00000000e4180000)
 ParOldGen       total 112640K, used 101472K [0x0000000081400000, 0x0000000088200000, 0x00000000d5c00000)
  object space 112640K, 90% used [0x0000000081400000,0x0000000087718140,0x0000000088200000)
 Metaspace       used 69620K, capacity 70964K, committed 71296K, reserved 1112064K
  class space    used 8155K, capacity 8494K, committed 8576K, reserved 1048576K
Event: 57.104 GC heap after
Heap after GC invocations=16 (full 4):
 PSYoungGen      total 215040K, used 13725K [0x00000000d5c00000, 0x00000000e7380000, 0x0000000100000000)
  eden space 183808K, 0% used [0x00000000d5c00000,0x00000000d5c00000,0x00000000e0f80000)
  from space 31232K, 43% used [0x00000000e5500000,0x00000000e6267650,0x00000000e7380000)
  to   space 51200K, 0% used [0x00000000e0f80000,0x00000000e0f80000,0x00000000e4180000)
 ParOldGen       total 112640K, used 112236K [0x0000000081400000, 0x0000000088200000, 0x00000000d5c00000)
  object space 112640K, 99% used [0x0000000081400000,0x000000008819b278,0x0000000088200000)
 Metaspace       used 69620K, capacity 70964K, committed 71296K, reserved 1112064K
  class space    used 8155K, capacity 8494K, committed 8576K, reserved 1048576K
}

