# JRE version: OpenJDK Runtime Environment (8.0_312-b07) (build 1.8.0_312-b07)
# Java VM: OpenJDK 64-Bit Server VM (25.312-b07 mixed mode windows-amd64 compressed oops)
Heap:
 PSYoungGen      total 1022464K, used 268911K [0x000000076ab00000, 0x00000007adb80000, 0x00000007c0000000)
  eden space 944640K, 26% used [0x000000076ab00000,0x0000000779b97ce8,0x00000007a4580000)
  from space 77824K, 28% used [0x00000007a8f80000,0x00000007aa584258,0x00000007adb80000)
  to   space 75776K, 0% used [0x00000007a4580000,0x00000007a4580000,0x00000007a8f80000)
 ParOldGen       total 279552K, used 211860K [0x00000006c0000000, 0x00000006d1100000, 0x000000076ab00000)
  object space 279552K, 75% used [0x00000006c0000000,0x00000006ccee5358,0x00000006d1100000)
 Metaspace       used 117064K, capacity 123140K, committed 124288K, reserved 1157120K
  class space    used 15154K, capacity 16395K, committed 16768K, reserved 1048576K
GC Heap History (10 events):
Event: 614.902 GC heap before
{Heap before GC invocations=35 (full 5):
 PSYoungGen      total 598016K, used 585946K [0x000000076ab00000, 0x000000079c000000, 0x00000007c0000000)
  eden space 521216K, 100% used [0x000000076ab00000,0x000000078a800000,0x000000078a800000)
  from space 76800K, 84% used [0x000000078a800000,0x000000078e736808,0x000000078f300000)
  to   space 84992K, 0% used [0x0000000796d00000,0x0000000796d00000,0x000000079c000000)
 ParOldGen       total 279552K, used 141744K [0x00000006c0000000, 0x00000006d1100000, 0x000000076ab00000)
  object space 279552K, 50% used [0x00000006c0000000,0x00000006c8a6c3b0,0x00000006d1100000)
 Metaspace       used 116628K, capacity 122686K, committed 123776K, reserved 1157120K
  class space    used 15131K, capacity 16368K, committed 16768K, reserved 1048576K
Event: 615.123 GC heap after
Heap after GC invocations=35 (full 5):
 PSYoungGen      total 720384K, used 54942K [0x000000076ab00000, 0x000000079c400000, 0x00000007c0000000)
  eden space 635392K, 0% used [0x000000076ab00000,0x000000076ab00000,0x0000000791780000)
  from space 84992K, 64% used [0x0000000796d00000,0x000000079a2a7a10,0x000000079c000000)
  to   space 87552K, 0% used [0x0000000791780000,0x0000000791780000,0x0000000796d00000)
 ParOldGen       total 279552K, used 141752K [0x00000006c0000000, 0x00000006d1100000, 0x000000076ab00000)
  object space 279552K, 50% used [0x00000006c0000000,0x00000006c8a6e3b0,0x00000006d1100000)
 Metaspace       used 116628K, capacity 122686K, committed 123776K, reserved 1157120K
  class space    used 15131K, capacity 16368K, committed 16768K, reserved 1048576K
}
Event: 619.668 GC heap before
{Heap before GC invocations=36 (full 5):
 PSYoungGen      total 720384K, used 690334K [0x000000076ab00000, 0x000000079c400000, 0x00000007c0000000)
  eden space 635392K, 100% used [0x000000076ab00000,0x0000000791780000,0x0000000791780000)
  from space 84992K, 64% used [0x0000000796d00000,0x000000079a2a7a10,0x000000079c000000)
  to   space 87552K, 0% used [0x0000000791780000,0x0000000791780000,0x0000000796d00000)
 ParOldGen       total 279552K, used 141812K [0x00000006c0000000, 0x00000006d1100000, 0x000000076ab00000)
  object space 279552K, 50% used [0x00000006c0000000,0x00000006c8a7d008,0x00000006d1100000)
 Metaspace       used 116881K, capacity 122908K, committed 124032K, reserved 1157120K
  class space    used 15149K, capacity 16389K, committed 16768K, reserved 1048576K
Event: 620.353 GC heap after
Heap after GC invocations=36 (full 5):
 PSYoungGen      total 722944K, used 32285K [0x000000076ab00000, 0x00000007a4980000, 0x00000007c0000000)
  eden space 635392K, 0% used [0x000000076ab00000,0x000000076ab00000,0x0000000791780000)
  from space 87552K, 36% used [0x0000000791780000,0x0000000793707578,0x0000000796d00000)
  to   space 82944K, 0% used [0x000000079f880000,0x000000079f880000,0x00000007a4980000)
 ParOldGen       total 279552K, used 173474K [0x00000006c0000000, 0x00000006d1100000, 0x000000076ab00000)
  object space 279552K, 62% used [0x00000006c0000000,0x00000006ca968838,0x00000006d1100000)
 Metaspace       used 116881K, capacity 122908K, committed 124032K, reserved 1157120K
  class space    used 15149K, capacity 16389K, committed 16768K, reserved 1048576K
}
Event: 625.737 GC heap before
{Heap before GC invocations=37 (full 5):
 PSYoungGen      total 722944K, used 667677K [0x000000076ab00000, 0x00000007a4980000, 0x00000007c0000000)
  eden space 635392K, 100% used [0x000000076ab00000,0x0000000791780000,0x0000000791780000)
  from space 87552K, 36% used [0x0000000791780000,0x0000000793707578,0x0000000796d00000)
  to   space 82944K, 0% used [0x000000079f880000,0x000000079f880000,0x00000007a4980000)
 ParOldGen       total 279552K, used 173476K [0x00000006c0000000, 0x00000006d1100000, 0x000000076ab00000)
  object space 279552K, 62% used [0x00000006c0000000,0x00000006ca969168,0x00000006d1100000)
 Metaspace       used 116934K, capacity 123004K, committed 124032K, reserved 1157120K
  class space    used 15152K, capacity 16393K, committed 16768K, reserved 1048576K
Event: 626.158 GC heap after
Heap after GC invocations=37 (full 5):
 PSYoungGen      total 858624K, used 20028K [0x000000076ab00000, 0x00000007a4400000, 0x00000007c0000000)
  eden space 781312K, 0% used [0x000000076ab00000,0x000000076ab00000,0x000000079a600000)
  from space 77312K, 25% used [0x000000079f880000,0x00000007a0c0f328,0x00000007a4400000)
  to   space 80896K, 0% used [0x000000079a600000,0x000000079a600000,0x000000079f500000)
 ParOldGen       total 279552K, used 188079K [0x00000006c0000000, 0x00000006d1100000, 0x000000076ab00000)
  object space 279552K, 67% used [0x00000006c0000000,0x00000006cb7abd38,0x00000006d1100000)
 Metaspace       used 116934K, capacity 123004K, committed 124032K, reserved 1157120K
  class space    used 15152K, capacity 16393K, committed 16768K, reserved 1048576K
}
Event: 632.488 GC heap before
{Heap before GC invocations=38 (full 5):
 PSYoungGen      total 858624K, used 801340K [0x000000076ab00000, 0x00000007a4400000, 0x00000007c0000000)
  eden space 781312K, 100% used [0x000000076ab00000,0x000000079a600000,0x000000079a600000)
  from space 77312K, 25% used [0x000000079f880000,0x00000007a0c0f328,0x00000007a4400000)
  to   space 80896K, 0% used [0x000000079a600000,0x000000079a600000,0x000000079f500000)
 ParOldGen       total 279552K, used 188079K [0x00000006c0000000, 0x00000006d1100000, 0x000000076ab00000)
  object space 279552K, 67% used [0x00000006c0000000,0x00000006cb7abd38,0x00000006d1100000)
 Metaspace       used 116968K, capacity 123004K, committed 124032K, reserved 1157120K
  class space    used 15152K, capacity 16393K, committed 16768K, reserved 1048576K
Event: 634.272 GC heap after
Heap after GC invocations=38 (full 5):
 PSYoungGen      total 862208K, used 20561K [0x000000076ab00000, 0x00000007adc00000, 0x00000007c0000000)
  eden space 781312K, 0% used [0x000000076ab00000,0x000000076ab00000,0x000000079a600000)
  from space 80896K, 25% used [0x000000079a600000,0x000000079ba14418,0x000000079f500000)
  to   space 78336K, 0% used [0x00000007a8f80000,0x00000007a8f80000,0x00000007adc00000)
 ParOldGen       total 279552K, used 201096K [0x00000006c0000000, 0x00000006d1100000, 0x000000076ab00000)
  object space 279552K, 71% used [0x00000006c0000000,0x00000006cc462090,0x00000006d1100000)
 Metaspace       used 116968K, capacity 123004K, committed 124032K, reserved 1157120K
  class space    used 15152K, capacity 16393K, committed 16768K, reserved 1048576K
}
Event: 638.143 GC heap before
{Heap before GC invocations=39 (full 5):
 PSYoungGen      total 862208K, used 801873K [0x000000076ab00000, 0x00000007adc00000, 0x00000007c0000000)
  eden space 781312K, 100% used [0x000000076ab00000,0x000000079a600000,0x000000079a600000)
  from space 80896K, 25% used [0x000000079a600000,0x000000079ba14418,0x000000079f500000)
  to   space 78336K, 0% used [0x00000007a8f80000,0x00000007a8f80000,0x00000007adc00000)
 ParOldGen       total 279552K, used 201096K [0x00000006c0000000, 0x00000006d1100000, 0x000000076ab00000)
  object space 279552K, 71% used [0x00000006c0000000,0x00000006cc462090,0x00000006d1100000)
 Metaspace       used 117048K, capacity 123140K, committed 124288K, reserved 1157120K
  class space    used 15154K, capacity 16395K, committed 16768K, reserved 1048576K
Event: 639.092 GC heap after
Heap after GC invocations=39 (full 5):
 PSYoungGen      total 1022464K, used 22544K [0x000000076ab00000, 0x00000007adb80000, 0x00000007c0000000)
  eden space 944640K, 0% used [0x000000076ab00000,0x000000076ab00000,0x00000007a4580000)
  from space 77824K, 28% used [0x00000007a8f80000,0x00000007aa584258,0x00000007adb80000)
  to   space 75776K, 0% used [0x00000007a4580000,0x00000007a4580000,0x00000007a8f80000)
 ParOldGen       total 279552K, used 211860K [0x00000006c0000000, 0x00000006d1100000, 0x000000076ab00000)
  object space 279552K, 75% used [0x00000006c0000000,0x00000006ccee5358,0x00000006d1100000)
 Metaspace       used 117048K, capacity 123140K, committed 124288K, reserved 1157120K
  class space    used 15154K, capacity 16395K, committed 16768K, reserved 1048576K
}

